[
    :task,
    "Simple",
    [
        :signature,
        [
            :fluent,
            "diagKnown",
            [
                :event_set,
                "Diagnosis:start"
            ],
            [
                :event_set,
                "Treatment:end"
            ],
            nil
        ]
    ],
    [
        :refinement,
        [
            :seq,
            [
                :if,
                [
                    :bool_not,
                    [
                        :var_ref,
                        "diagKnown"
                    ]
                ],
                [
                    :task_call,
                    "Diagnosis"
                ]
            ],
            [
                :task_call,
                "Treatment"
            ]
        ]
    ]
]
